<?xml version="1.0" encoding="utf-8"?><testsuites name="pytest tests"><testsuite name="pytest" errors="0" failures="0" skipped="1" tests="52" time="1.162" timestamp="2025-11-26T15:00:24.410113-08:00" hostname="arisu"><testcase classname="tests.test_function_tools.test_ScriptAgent_entrypoint" name="test_health_endpoint" time="0.013" /><testcase classname="tests.test_function_tools.test_ScriptAgent_entrypoint" name="test_invoke_smoke" time="0.005" /><testcase classname="tests.test_function_tools.test_adk_gcs_shim_revisions" name="test_gcs_artifact_revision_increments" time="0.014" /><testcase classname="tests.test_function_tools.test_adk_shim_concurrency" name="test_file_shim_concurrent_revisions" time="0.005" /><testcase classname="tests.test_function_tools.test_adk_shim_concurrency" name="test_gcs_shim_concurrent_revisions" time="0.004" /><testcase classname="tests.test_function_tools.test_adk_shim_revisions" name="test_file_artifact_revision_increments" time="0.004" /><testcase classname="tests.test_function_tools.test_assemble_ffmpeg_entrypoint" name="test_health_endpoint" time="0.003" /><testcase classname="tests.test_function_tools.test_assemble_ffmpeg_entrypoint" name="test_invoke_smoke" time="0.005" /><testcase classname="tests.test_function_tools.test_images_sdxl_entrypoint" name="test_health_endpoint" time="0.003" /><testcase classname="tests.test_function_tools.test_images_sdxl_entrypoint" name="test_invoke_smoke" time="0.005" /><testcase classname="tests.test_function_tools.test_lipsync_wav2lip_entrypoint" name="test_health_endpoint" time="0.004" /><testcase classname="tests.test_function_tools.test_lipsync_wav2lip_entrypoint" name="test_invoke_smoke" time="0.004" /><testcase classname="tests.test_function_tools.test_qa_qwen2vl_entrypoint" name="test_health_endpoint" time="0.004" /><testcase classname="tests.test_function_tools.test_qa_qwen2vl_entrypoint" name="test_invoke_smoke" time="0.004" /><testcase classname="tests.test_function_tools.test_script_agent_entrypoint" name="test_health_endpoint" time="0.003" /><testcase classname="tests.test_function_tools.test_script_agent_entrypoint" name="test_invoke_smoke" time="0.003" /><testcase classname="tests.test_function_tools.test_script_agent_entrypoint_adk_integration" name="test_publish_artifact_returns_artifact_uri" time="0.000"><skipped type="pytest.skip" message="ADK integration not enabled (set ADK_PUBLISH_INTEGRATION=1 and ADK_PROJECT)">/home/phil/work/sparkle_motion/tests/test_function_tools/test_script_agent_entrypoint_adk_integration.py:20: ADK integration not enabled (set ADK_PUBLISH_INTEGRATION=1 and ADK_PROJECT)</skipped></testcase><testcase classname="tests.test_function_tools.test_script_agent_entrypoint_hardened" name="test_ready_and_invoke" time="0.007" /><testcase classname="tests.test_function_tools.test_tts_chatterbox_entrypoint" name="test_health_endpoint" time="0.002" /><testcase classname="tests.test_function_tools.test_tts_chatterbox_entrypoint" name="test_invoke_smoke" time="0.004" /><testcase classname="tests.test_function_tools.test_videos_wan_entrypoint" name="test_health_endpoint" time="0.004" /><testcase classname="tests.test_function_tools.test_videos_wan_entrypoint" name="test_invoke_smoke" time="0.004" /><testcase classname="tests.test_prompt_templates" name="test_build_script_agent_prompt_template_uses_schema_registry" time="0.002" /><testcase classname="tests.test_prompt_templates" name="test_render_script_agent_prompt_template" time="0.001" /><testcase classname="tests.test_prompt_templates" name="test_to_payload_repo_relative_local_fallback" time="0.001" /><testcase classname="tests.test_publish_cli_parsing" name="test_plaintext_stdout_contains_artifact_uri" time="0.001" /><testcase classname="tests.test_publish_cli_parsing" name="test_json_stdout_with_uri_field" time="0.001" /><testcase classname="tests.test_publish_cli_parsing" name="test_stderr_only_uri" time="0.001" /><testcase classname="tests.test_publish_cli_parsing" name="test_no_uri_constructs_best_effort" time="0.001" /><testcase classname="tests.test_publish_cli_parsing" name="test_nonzero_returncode_returns_none" time="0.001" /><testcase classname="tests.test_publish_schemas_adk_shim" name="test_publish_schemas_with_adk_shim" time="0.369" /><testcase classname="tests.test_publish_schemas_adk_shim_negative" name="test_publish_handles_nonzero_adk_exit" time="0.092" /><testcase classname="tests.test_publish_schemas_backup" name="test_backup_and_confirm_creates_backup" time="0.105" /><testcase classname="tests.test_publish_schemas_backup" name="test_abort_without_confirm" time="0.091" /><testcase classname="tests.test_register_tools" name="test_dry_run_prints" time="0.002" /><testcase classname="tests.test_register_tools" name="test_register_with_sdk_import_error" time="0.001" /><testcase classname="tests.test_register_tools" name="test_register_with_sdk_no_known_api" time="0.001" /><testcase classname="tests.test_register_tools" name="test_register_with_sdk_success_probe" time="0.001" /><testcase classname="tests.test_register_tools" name="test_register_with_cli_not_found" time="0.001" /><testcase classname="tests.test_register_tools" name="test_register_with_cli_success" time="0.001" /><testcase classname="tests.test_register_tools" name="test_main_falls_back_to_cli_when_sdk_missing" time="0.002" /><testcase classname="tests.test_register_workflow" name="test_dry_run_prints" time="0.001" /><testcase classname="tests.test_register_workflow" name="test_register_with_sdk_import_error" time="0.001" /><testcase classname="tests.test_register_workflow" name="test_register_with_sdk_no_known_api" time="0.001" /><testcase classname="tests.test_register_workflow" name="test_register_with_sdk_success_probe" time="0.001" /><testcase classname="tests.test_register_workflow" name="test_register_with_cli_not_found" time="0.001" /><testcase classname="tests.test_register_workflow" name="test_register_with_cli_success" time="0.001" /><testcase classname="tests.test_register_workflow" name="test_main_falls_back_to_cli_when_sdk_missing" time="0.002" /><testcase classname="tests.test_schema_registry" name="test_list_schema_names_contains_expected_entries" time="0.000" /><testcase classname="tests.test_schema_registry" name="test_get_schema_uri_and_path_for_movie_plan" time="0.000" /><testcase classname="tests.test_schema_registry" name="test_get_qa_policy_bundle_fields" time="0.000" /><testcase classname="tests.test_tool_metadata" name="test_tool_metadata_files_exist_and_valid" time="0.001" /></testsuite></testsuites>